This is pdfTeX, Version 3.141592653-2.6-1.40.25 (TeX Live 2023/Debian) (preloaded format=pdflatex 2025.9.23)  10 APR 2026 14:53
entering extended mode
 restricted \write18 enabled.
 file:line:error style messages enabled.
 %&-line parsing enabled.
**/home/user/Documents/Polytech/ETN4/PTRANS/PTrans-2025-2026/Documentation/Rapport_Tech_Final/main.tex
(/home/user/Documents/Polytech/ETN4/PTRANS/PTrans-2025-2026/Documentation/Rapport_Tech_Final/main.tex
LaTeX2e <2023-11-01> patch level 1
L3 programming layer <2024-01-22>
(/usr/share/texlive/texmf-dist/tex/latex/base/article.cls
Document Class: article 2023/05/17 v1.4n Standard LaTeX document class
(/usr/share/texlive/texmf-dist/tex/latex/base/size11.clo
File: size11.clo 2023/05/17 v1.4n Standard LaTeX file (size option)
)
\c@part=\count187
\c@section=\count188
\c@subsection=\count189
\c@subsubsection=\count190
\c@paragraph=\count191
\c@subparagraph=\count192
\c@figure=\count193
\c@table=\count194
\abovecaptionskip=\skip48
\belowcaptionskip=\skip49
\bibindent=\dimen140
) (/usr/share/texlive/texmf-dist/tex/latex/geometry/geometry.sty
Package: geometry 2020/01/02 v5.9 Page Geometry
 (/usr/share/texlive/texmf-dist/tex/latex/graphics/keyval.sty
Package: keyval 2022/05/29 v1.15 key=value parser (DPC)
\KV@toks@=\toks17
) (/usr/share/texlive/texmf-dist/tex/generic/iftex/ifvtex.sty
Package: ifvtex 2019/10/25 v1.7 ifvtex legacy package. Use iftex instead.
 (/usr/share/texlive/texmf-dist/tex/generic/iftex/iftex.sty
Package: iftex 2022/02/03 v1.0f TeX engine tests
))
\Gm@cnth=\count195
\Gm@cntv=\count196
\c@Gm@tempcnt=\count197
\Gm@bindingoffset=\dimen141
\Gm@wd@mp=\dimen142
\Gm@odd@mp=\dimen143
\Gm@even@mp=\dimen144
\Gm@layoutwidth=\dimen145
\Gm@layoutheight=\dimen146
\Gm@layouthoffset=\dimen147
\Gm@layoutvoffset=\dimen148
\Gm@dimlist=\toks18
) (/usr/share/texlive/texmf-dist/tex/generic/babel/babel.sty
Package: babel 2024/01/07 v24.1 The Babel package
\babel@savecnt=\count198
\U@D=\dimen149
\l@unhyphenated=\language89
 (/usr/share/texlive/texmf-dist/tex/generic/babel/txtbabel.def)
\bbl@readstream=\read2
\bbl@dirlevel=\count199
 (/usr/share/texlive/texmf-dist/tex/generic/babel-french/french.ldf
Language: french 2023-12-19 v3.5r French support from the babel system
Package babel Info: Hyphen rules for 'acadian' set to \l@french
(babel)             (\language26). Reported on input line 91.
Package babel Info: Hyphen rules for 'canadien' set to \l@french
(babel)             (\language26). Reported on input line 92.
\FB@stdchar=\count266
Package babel Info: Making : an active character on input line 420.
Package babel Info: Making ; an active character on input line 421.
Package babel Info: Making ! an active character on input line 422.
Package babel Info: Making ? an active character on input line 423.
\FBguill@level=\count267
\FBold@everypar=\toks19
\FB@Mht=\dimen150
\mc@charclass=\count268
\mc@charfam=\count269
\mc@charslot=\count270
\std@mcc=\count271
\dec@mcc=\count272
\FB@parskip=\dimen151
\listindentFB=\dimen152
\descindentFB=\dimen153
\labelindentFB=\dimen154
\labelwidthFB=\dimen155
\leftmarginFB=\dimen156
\parindentFFN=\dimen157
\FBfnindent=\dimen158
)) (/usr/share/texlive/texmf-dist/tex/generic/babel/locale/fr/babel-french.tex
Package babel Info: Importing font and identification data for french
(babel)             from babel-fr.ini. Reported on input line 11.
) (/usr/share/texlive/texmf-dist/tex/latex/carlisle/scalefnt.sty) (/usr/share/texlive/texmf-dist/tex/latex/base/fontenc.sty
Package: fontenc 2021/04/29 v2.0v Standard LaTeX package
) (/usr/share/texlive/texmf-dist/tex/latex/base/inputenc.sty
Package: inputenc 2021/02/14 v1.3d Input encoding file
\inpenc@prehook=\toks20
\inpenc@posthook=\toks21
) (/usr/share/texlive/texmf-dist/tex/latex/graphics/graphicx.sty
Package: graphicx 2021/09/16 v1.2d Enhanced LaTeX Graphics (DPC,SPQR)
 (/usr/share/texlive/texmf-dist/tex/latex/graphics/graphics.sty
Package: graphics 2022/03/10 v1.4e Standard LaTeX Graphics (DPC,SPQR)
 (/usr/share/texlive/texmf-dist/tex/latex/graphics/trig.sty
Package: trig 2021/08/11 v1.11 sin cos tan (DPC)
) (/usr/share/texlive/texmf-dist/tex/latex/graphics-cfg/graphics.cfg
File: graphics.cfg 2016/06/04 v1.11 sample graphics configuration
)
Package graphics Info: Driver file: pdftex.def on input line 107.
 (/usr/share/texlive/texmf-dist/tex/latex/graphics-def/pdftex.def
File: pdftex.def 2022/09/22 v1.2b Graphics/color driver for pdftex
))
\Gin@req@height=\dimen159
\Gin@req@width=\dimen160
) (/usr/share/texlive/texmf-dist/tex/latex/tools/array.sty
Package: array 2023/10/16 v2.5g Tabular extension package (FMi)
\col@sep=\dimen161
\ar@mcellbox=\box51
\extrarowheight=\dimen162
\NC@list=\toks22
\extratabsurround=\skip50
\backup@length=\skip51
\ar@cellbox=\box52
) (/usr/share/texlive/texmf-dist/tex/latex/pgf/frontendlayer/tikz.sty (/usr/share/texlive/texmf-dist/tex/latex/pgf/basiclayer/pgf.sty (/usr/share/texlive/texmf-dist/tex/latex/pgf/utilities/pgfrcs.sty (/usr/share/texlive/texmf-dist/tex/generic/pgf/utilities/pgfutil-common.tex
\pgfutil@everybye=\toks23
\pgfutil@tempdima=\dimen163
\pgfutil@tempdimb=\dimen164
) (/usr/share/texlive/texmf-dist/tex/generic/pgf/utilities/pgfutil-latex.def
\pgfutil@abb=\box53
) (/usr/share/texlive/texmf-dist/tex/generic/pgf/utilities/pgfrcs.code.tex (/usr/share/texlive/texmf-dist/tex/generic/pgf/pgf.revision.tex)
Package: pgfrcs 2023-01-15 v3.1.10 (3.1.10)
))
Package: pgf 2023-01-15 v3.1.10 (3.1.10)
 (/usr/share/texlive/texmf-dist/tex/latex/pgf/basiclayer/pgfcore.sty (/usr/share/texlive/texmf-dist/tex/latex/pgf/systemlayer/pgfsys.sty (/usr/share/texlive/texmf-dist/tex/generic/pgf/systemlayer/pgfsys.code.tex
Package: pgfsys 2023-01-15 v3.1.10 (3.1.10)
 (/usr/share/texlive/texmf-dist/tex/generic/pgf/utilities/pgfkeys.code.tex
\pgfkeys@pathtoks=\toks24
\pgfkeys@temptoks=\toks25
 (/usr/share/texlive/texmf-dist/tex/generic/pgf/utilities/pgfkeyslibraryfiltered.code.tex
\pgfkeys@tmptoks=\toks26
))
\pgf@x=\dimen165
\pgf@y=\dimen166
\pgf@xa=\dimen167
\pgf@ya=\dimen168
\pgf@xb=\dimen169
\pgf@yb=\dimen170
\pgf@xc=\dimen171
\pgf@yc=\dimen172
\pgf@xd=\dimen173
\pgf@yd=\dimen174
\w@pgf@writea=\write3
\r@pgf@reada=\read3
\c@pgf@counta=\count273
\c@pgf@countb=\count274
\c@pgf@countc=\count275
\c@pgf@countd=\count276
\t@pgf@toka=\toks27
\t@pgf@tokb=\toks28
\t@pgf@tokc=\toks29
\pgf@sys@id@count=\count277
 (/usr/share/texlive/texmf-dist/tex/generic/pgf/systemlayer/pgf.cfg
File: pgf.cfg 2023-01-15 v3.1.10 (3.1.10)
)
Driver file for pgf: pgfsys-pdftex.def
 (/usr/share/texlive/texmf-dist/tex/generic/pgf/systemlayer/pgfsys-pdftex.def
File: pgfsys-pdftex.def 2023-01-15 v3.1.10 (3.1.10)
 (/usr/share/texlive/texmf-dist/tex/generic/pgf/systemlayer/pgfsys-common-pdf.def
File: pgfsys-common-pdf.def 2023-01-15 v3.1.10 (3.1.10)
))) (/usr/share/texlive/texmf-dist/tex/generic/pgf/systemlayer/pgfsyssoftpath.code.tex
File: pgfsyssoftpath.code.tex 2023-01-15 v3.1.10 (3.1.10)
\pgfsyssoftpath@smallbuffer@items=\count278
\pgfsyssoftpath@bigbuffer@items=\count279
) (/usr/share/texlive/texmf-dist/tex/generic/pgf/systemlayer/pgfsysprotocol.code.tex
File: pgfsysprotocol.code.tex 2023-01-15 v3.1.10 (3.1.10)
)) (/usr/share/texlive/texmf-dist/tex/latex/xcolor/xcolor.sty
Package: xcolor 2023/11/15 v3.01 LaTeX color extensions (UK)
 (/usr/share/texlive/texmf-dist/tex/latex/graphics-cfg/color.cfg
File: color.cfg 2016/01/02 v1.6 sample color configuration
)
Package xcolor Info: Driver file: pdftex.def on input line 274.
 (/usr/share/texlive/texmf-dist/tex/latex/graphics/mathcolor.ltx)
Package xcolor Info: Model `cmy' substituted by `cmy0' on input line 1350.
Package xcolor Info: Model `hsb' substituted by `rgb' on input line 1354.
Package xcolor Info: Model `RGB' extended on input line 1366.
Package xcolor Info: Model `HTML' substituted by `rgb' on input line 1368.
Package xcolor Info: Model `Hsb' substituted by `hsb' on input line 1369.
Package xcolor Info: Model `tHsb' substituted by `hsb' on input line 1370.
Package xcolor Info: Model `HSB' substituted by `hsb' on input line 1371.
Package xcolor Info: Model `Gray' substituted by `gray' on input line 1372.
Package xcolor Info: Model `wave' substituted by `hsb' on input line 1373.
) (/usr/share/texlive/texmf-dist/tex/generic/pgf/basiclayer/pgfcore.code.tex
Package: pgfcore 2023-01-15 v3.1.10 (3.1.10)
 (/usr/share/texlive/texmf-dist/tex/generic/pgf/math/pgfmath.code.tex (/usr/share/texlive/texmf-dist/tex/generic/pgf/math/pgfmathutil.code.tex) (/usr/share/texlive/texmf-dist/tex/generic/pgf/math/pgfmathparser.code.tex
\pgfmath@dimen=\dimen175
\pgfmath@count=\count280
\pgfmath@box=\box54
\pgfmath@toks=\toks30
\pgfmath@stack@operand=\toks31
\pgfmath@stack@operation=\toks32
) (/usr/share/texlive/texmf-dist/tex/generic/pgf/math/pgfmathfunctions.code.tex) (/usr/share/texlive/texmf-dist/tex/generic/pgf/math/pgfmathfunctions.basic.code.tex) (/usr/share/texlive/texmf-dist/tex/generic/pgf/math/pgfmathfunctions.trigonometric.code.tex) (/usr/share/texlive/texmf-dist/tex/generic/pgf/math/pgfmathfunctions.random.code.tex) (/usr/share/texlive/texmf-dist/tex/generic/pgf/math/pgfmathfunctions.comparison.code.tex) (/usr/share/texlive/texmf-dist/tex/generic/pgf/math/pgfmathfunctions.base.code.tex) (/usr/share/texlive/texmf-dist/tex/generic/pgf/math/pgfmathfunctions.round.code.tex) (/usr/share/texlive/texmf-dist/tex/generic/pgf/math/pgfmathfunctions.misc.code.tex) (/usr/share/texlive/texmf-dist/tex/generic/pgf/math/pgfmathfunctions.integerarithmetics.code.tex) (/usr/share/texlive/texmf-dist/tex/generic/pgf/math/pgfmathcalc.code.tex) (/usr/share/texlive/texmf-dist/tex/generic/pgf/math/pgfmathfloat.code.tex
\c@pgfmathroundto@lastzeros=\count281
)) (/usr/share/texlive/texmf-dist/tex/generic/pgf/math/pgfint.code.tex) (/usr/share/texlive/texmf-dist/tex/generic/pgf/basiclayer/pgfcorepoints.code.tex
File: pgfcorepoints.code.tex 2023-01-15 v3.1.10 (3.1.10)
\pgf@picminx=\dimen176
\pgf@picmaxx=\dimen177
\pgf@picminy=\dimen178
\pgf@picmaxy=\dimen179
\pgf@pathminx=\dimen180
\pgf@pathmaxx=\dimen181
\pgf@pathminy=\dimen182
\pgf@pathmaxy=\dimen183
\pgf@xx=\dimen184
\pgf@xy=\dimen185
\pgf@yx=\dimen186
\pgf@yy=\dimen187
\pgf@zx=\dimen188
\pgf@zy=\dimen189
) (/usr/share/texlive/texmf-dist/tex/generic/pgf/basiclayer/pgfcorepathconstruct.code.tex
File: pgfcorepathconstruct.code.tex 2023-01-15 v3.1.10 (3.1.10)
\pgf@path@lastx=\dimen190
\pgf@path@lasty=\dimen191
) (/usr/share/texlive/texmf-dist/tex/generic/pgf/basiclayer/pgfcorepathusage.code.tex
File: pgfcorepathusage.code.tex 2023-01-15 v3.1.10 (3.1.10)
\pgf@shorten@end@additional=\dimen192
\pgf@shorten@start@additional=\dimen193
) (/usr/share/texlive/texmf-dist/tex/generic/pgf/basiclayer/pgfcorescopes.code.tex
File: pgfcorescopes.code.tex 2023-01-15 v3.1.10 (3.1.10)
\pgfpic=\box55
\pgf@hbox=\box56
\pgf@layerbox@main=\box57
\pgf@picture@serial@count=\count282
) (/usr/share/texlive/texmf-dist/tex/generic/pgf/basiclayer/pgfcoregraphicstate.code.tex
File: pgfcoregraphicstate.code.tex 2023-01-15 v3.1.10 (3.1.10)
\pgflinewidth=\dimen194
) (/usr/share/texlive/texmf-dist/tex/generic/pgf/basiclayer/pgfcoretransformations.code.tex
File: pgfcoretransformations.code.tex 2023-01-15 v3.1.10 (3.1.10)
\pgf@pt@x=\dimen195
\pgf@pt@y=\dimen196
\pgf@pt@temp=\dimen197
) (/usr/share/texlive/texmf-dist/tex/generic/pgf/basiclayer/pgfcorequick.code.tex
File: pgfcorequick.code.tex 2023-01-15 v3.1.10 (3.1.10)
) (/usr/share/texlive/texmf-dist/tex/generic/pgf/basiclayer/pgfcoreobjects.code.tex
File: pgfcoreobjects.code.tex 2023-01-15 v3.1.10 (3.1.10)
) (/usr/share/texlive/texmf-dist/tex/generic/pgf/basiclayer/pgfcorepathprocessing.code.tex
File: pgfcorepathprocessing.code.tex 2023-01-15 v3.1.10 (3.1.10)
) (/usr/share/texlive/texmf-dist/tex/generic/pgf/basiclayer/pgfcorearrows.code.tex
File: pgfcorearrows.code.tex 2023-01-15 v3.1.10 (3.1.10)
\pgfarrowsep=\dimen198
) (/usr/share/texlive/texmf-dist/tex/generic/pgf/basiclayer/pgfcoreshade.code.tex
File: pgfcoreshade.code.tex 2023-01-15 v3.1.10 (3.1.10)
\pgf@max=\dimen199
\pgf@sys@shading@range@num=\count283
\pgf@shadingcount=\count284
) (/usr/share/texlive/texmf-dist/tex/generic/pgf/basiclayer/pgfcoreimage.code.tex
File: pgfcoreimage.code.tex 2023-01-15 v3.1.10 (3.1.10)
) (/usr/share/texlive/texmf-dist/tex/generic/pgf/basiclayer/pgfcoreexternal.code.tex
File: pgfcoreexternal.code.tex 2023-01-15 v3.1.10 (3.1.10)
\pgfexternal@startupbox=\box58
) (/usr/share/texlive/texmf-dist/tex/generic/pgf/basiclayer/pgfcorelayers.code.tex
File: pgfcorelayers.code.tex 2023-01-15 v3.1.10 (3.1.10)
) (/usr/share/texlive/texmf-dist/tex/generic/pgf/basiclayer/pgfcoretransparency.code.tex
File: pgfcoretransparency.code.tex 2023-01-15 v3.1.10 (3.1.10)
) (/usr/share/texlive/texmf-dist/tex/generic/pgf/basiclayer/pgfcorepatterns.code.tex
File: pgfcorepatterns.code.tex 2023-01-15 v3.1.10 (3.1.10)
) (/usr/share/texlive/texmf-dist/tex/generic/pgf/basiclayer/pgfcorerdf.code.tex
File: pgfcorerdf.code.tex 2023-01-15 v3.1.10 (3.1.10)
))) (/usr/share/texlive/texmf-dist/tex/generic/pgf/modules/pgfmoduleshapes.code.tex
File: pgfmoduleshapes.code.tex 2023-01-15 v3.1.10 (3.1.10)
\pgfnodeparttextbox=\box59
) (/usr/share/texlive/texmf-dist/tex/generic/pgf/modules/pgfmoduleplot.code.tex
File: pgfmoduleplot.code.tex 2023-01-15 v3.1.10 (3.1.10)
) (/usr/share/texlive/texmf-dist/tex/latex/pgf/compatibility/pgfcomp-version-0-65.sty
Package: pgfcomp-version-0-65 2023-01-15 v3.1.10 (3.1.10)
\pgf@nodesepstart=\dimen256
\pgf@nodesepend=\dimen257
) (/usr/share/texlive/texmf-dist/tex/latex/pgf/compatibility/pgfcomp-version-1-18.sty
Package: pgfcomp-version-1-18 2023-01-15 v3.1.10 (3.1.10)
)) (/usr/share/texlive/texmf-dist/tex/latex/pgf/utilities/pgffor.sty (/usr/share/texlive/texmf-dist/tex/latex/pgf/utilities/pgfkeys.sty (/usr/share/texlive/texmf-dist/tex/generic/pgf/utilities/pgfkeys.code.tex)) (/usr/share/texlive/texmf-dist/tex/latex/pgf/math/pgfmath.sty (/usr/share/texlive/texmf-dist/tex/generic/pgf/math/pgfmath.code.tex)) (/usr/share/texlive/texmf-dist/tex/generic/pgf/utilities/pgffor.code.tex
Package: pgffor 2023-01-15 v3.1.10 (3.1.10)
\pgffor@iter=\dimen258
\pgffor@skip=\dimen259
\pgffor@stack=\toks33
\pgffor@toks=\toks34
)) (/usr/share/texlive/texmf-dist/tex/generic/pgf/frontendlayer/tikz/tikz.code.tex
Package: tikz 2023-01-15 v3.1.10 (3.1.10)
 (/usr/share/texlive/texmf-dist/tex/generic/pgf/libraries/pgflibraryplothandlers.code.tex
File: pgflibraryplothandlers.code.tex 2023-01-15 v3.1.10 (3.1.10)
\pgf@plot@mark@count=\count285
\pgfplotmarksize=\dimen260
)
\tikz@lastx=\dimen261
\tikz@lasty=\dimen262
\tikz@lastxsaved=\dimen263
\tikz@lastysaved=\dimen264
\tikz@lastmovetox=\dimen265
\tikz@lastmovetoy=\dimen266
\tikzleveldistance=\dimen267
\tikzsiblingdistance=\dimen268
\tikz@figbox=\box60
\tikz@figbox@bg=\box61
\tikz@tempbox=\box62
\tikz@tempbox@bg=\box63
\tikztreelevel=\count286
\tikznumberofchildren=\count287
\tikznumberofcurrentchild=\count288
\tikz@fig@count=\count289
 (/usr/share/texlive/texmf-dist/tex/generic/pgf/modules/pgfmodulematrix.code.tex
File: pgfmodulematrix.code.tex 2023-01-15 v3.1.10 (3.1.10)
\pgfmatrixcurrentrow=\count290
\pgfmatrixcurrentcolumn=\count291
\pgf@matrix@numberofcolumns=\count292
)
\tikz@expandcount=\count293
 (/usr/share/texlive/texmf-dist/tex/generic/pgf/frontendlayer/tikz/libraries/tikzlibrarytopaths.code.tex
File: tikzlibrarytopaths.code.tex 2023-01-15 v3.1.10 (3.1.10)
))) (/usr/share/texlive/texmf-dist/tex/generic/pgf/libraries/pgflibraryarrows.meta.code.tex
File: pgflibraryarrows.meta.code.tex 2023-01-15 v3.1.10 (3.1.10)
\pgfarrowinset=\dimen269
\pgfarrowlength=\dimen270
\pgfarrowwidth=\dimen271
\pgfarrowlinewidth=\dimen272
) (/usr/share/texlive/texmf-dist/tex/generic/pgf/frontendlayer/tikz/libraries/tikzlibrarypositioning.code.tex
File: tikzlibrarypositioning.code.tex 2023-01-15 v3.1.10 (3.1.10)
) (/usr/share/texlive/texmf-dist/tex/latex/placeins/placeins.sty
Package: placeins 2005/04/18  v 2.2
) (/usr/share/texlive/texmf-dist/tex/latex/float/float.sty
Package: float 2001/11/08 v1.3d Float enhancements (AL)
\c@float@type=\count294
\float@exts=\toks35
\float@box=\box64
\@float@everytoks=\toks36
\@floatcapt=\box65
) (/usr/share/texlive/texmf-dist/tex/latex/bookmark/bookmark.sty
Package: bookmark 2023-12-10 v1.31 PDF bookmarks (HO)
 (/usr/share/texlive/texmf-dist/tex/latex/hyperref/hyperref.sty
Package: hyperref 2024-01-20 v7.01h Hypertext links for LaTeX
 (/usr/share/texlive/texmf-dist/tex/latex/kvsetkeys/kvsetkeys.sty
Package: kvsetkeys 2022-10-05 v1.19 Key value parser (HO)
) (/usr/share/texlive/texmf-dist/tex/generic/kvdefinekeys/kvdefinekeys.sty
Package: kvdefinekeys 2019-12-19 v1.6 Define keys (HO)
) (/usr/share/texlive/texmf-dist/tex/generic/pdfescape/pdfescape.sty
Package: pdfescape 2019/12/09 v1.15 Implements pdfTeX's escape features (HO)
 (/usr/share/texlive/texmf-dist/tex/generic/ltxcmds/ltxcmds.sty
Package: ltxcmds 2023-12-04 v1.26 LaTeX kernel commands for general use (HO)
) (/usr/share/texlive/texmf-dist/tex/generic/pdftexcmds/pdftexcmds.sty
Package: pdftexcmds 2020-06-27 v0.33 Utility functions of pdfTeX for LuaTeX (HO)
 (/usr/share/texlive/texmf-dist/tex/generic/infwarerr/infwarerr.sty
Package: infwarerr 2019/12/03 v1.5 Providing info/warning/error messages (HO)
)
Package pdftexcmds Info: \pdf@primitive is available.
Package pdftexcmds Info: \pdf@ifprimitive is available.
Package pdftexcmds Info: \pdfdraftmode found.
)) (/usr/share/texlive/texmf-dist/tex/latex/hycolor/hycolor.sty
Package: hycolor 2020-01-27 v1.10 Color options for hyperref/bookmark (HO)
) (/usr/share/texlive/texmf-dist/tex/latex/auxhook/auxhook.sty
Package: auxhook 2019-12-17 v1.6 Hooks for auxiliary files (HO)
) (/usr/share/texlive/texmf-dist/tex/latex/hyperref/nameref.sty
Package: nameref 2023-11-26 v2.56 Cross-referencing by name of section
 (/usr/share/texlive/texmf-dist/tex/latex/refcount/refcount.sty
Package: refcount 2019/12/15 v3.6 Data extraction from label references (HO)
) (/usr/share/texlive/texmf-dist/tex/generic/gettitlestring/gettitlestring.sty
Package: gettitlestring 2019/12/15 v1.6 Cleanup title references (HO)
 (/usr/share/texlive/texmf-dist/tex/latex/kvoptions/kvoptions.sty
Package: kvoptions 2022-06-15 v3.15 Key value format for package options (HO)
))
\c@section@level=\count295
) (/usr/share/texlive/texmf-dist/tex/latex/etoolbox/etoolbox.sty
Package: etoolbox 2020/10/05 v2.5k e-TeX tools for LaTeX (JAW)
\etb@tempcnta=\count296
)
\@linkdim=\dimen273
\Hy@linkcounter=\count297
\Hy@pagecounter=\count298
 (/usr/share/texlive/texmf-dist/tex/latex/hyperref/pd1enc.def
File: pd1enc.def 2024-01-20 v7.01h Hyperref: PDFDocEncoding definition (HO)
Now handling font encoding PD1 ...
... no UTF-8 mapping file for font encoding PD1
) (/usr/share/texlive/texmf-dist/tex/generic/intcalc/intcalc.sty
Package: intcalc 2019/12/15 v1.3 Expandable calculations with integers (HO)
)
\Hy@SavedSpaceFactor=\count299
 (/usr/share/texlive/texmf-dist/tex/latex/hyperref/puenc.def
File: puenc.def 2024-01-20 v7.01h Hyperref: PDF Unicode definition (HO)
Now handling font encoding PU ...
... no UTF-8 mapping file for font encoding PU
)
Package hyperref Info: Hyper figures OFF on input line 4179.
Package hyperref Info: Link nesting OFF on input line 4184.
Package hyperref Info: Hyper index ON on input line 4187.
Package hyperref Info: Plain pages OFF on input line 4194.
Package hyperref Info: Backreferencing OFF on input line 4199.
Package hyperref Info: Implicit mode ON; LaTeX internals redefined.
Package hyperref Info: Bookmarks ON on input line 4446.
\c@Hy@tempcnt=\count300
 (/usr/share/texlive/texmf-dist/tex/latex/url/url.sty
\Urlmuskip=\muskip16
Package: url 2013/09/16  ver 3.4  Verb mode for urls, etc.
)
LaTeX Info: Redefining \url on input line 4784.
\XeTeXLinkMargin=\dimen274
 (/usr/share/texlive/texmf-dist/tex/generic/bitset/bitset.sty
Package: bitset 2019/12/09 v1.3 Handle bit-vector datatype (HO)
 (/usr/share/texlive/texmf-dist/tex/generic/bigintcalc/bigintcalc.sty
Package: bigintcalc 2019/12/15 v1.5 Expandable calculations on big integers (HO)
))
\Fld@menulength=\count301
\Field@Width=\dimen275
\Fld@charsize=\dimen276
Package hyperref Info: Hyper figures OFF on input line 6063.
Package hyperref Info: Link nesting OFF on input line 6068.
Package hyperref Info: Hyper index ON on input line 6071.
Package hyperref Info: backreferencing OFF on input line 6078.
Package hyperref Info: Link coloring OFF on input line 6083.
Package hyperref Info: Link coloring with OCG OFF on input line 6088.
Package hyperref Info: PDF/A mode OFF on input line 6093.
 (/usr/share/texlive/texmf-dist/tex/latex/base/atbegshi-ltx.sty
Package: atbegshi-ltx 2021/01/10 v1.0c Emulation of the original atbegshi
package with kernel methods
)
\Hy@abspage=\count302
\c@Item=\count303
\c@Hfootnote=\count304
)
Package hyperref Info: Driver (autodetected): hpdftex.
 (/usr/share/texlive/texmf-dist/tex/latex/hyperref/hpdftex.def
File: hpdftex.def 2024-01-20 v7.01h Hyperref driver for pdfTeX
 (/usr/share/texlive/texmf-dist/tex/latex/base/atveryend-ltx.sty
Package: atveryend-ltx 2020/08/19 v1.0a Emulation of the original atveryend package
with kernel methods
)
\Fld@listcount=\count305
\c@bookmark@seq@number=\count306
 (/usr/share/texlive/texmf-dist/tex/latex/rerunfilecheck/rerunfilecheck.sty
Package: rerunfilecheck 2022-07-10 v1.10 Rerun checks for auxiliary files (HO)
 (/usr/share/texlive/texmf-dist/tex/generic/uniquecounter/uniquecounter.sty
Package: uniquecounter 2019/12/15 v1.4 Provide unlimited unique counter (HO)
)
Package uniquecounter Info: New unique counter `rerunfilecheck' on input line 285.
)
\Hy@SectionHShift=\skip52
) (/usr/share/texlive/texmf-dist/tex/latex/bookmark/bkm-pdftex.def
File: bkm-pdftex.def 2023-12-10 v1.31 bookmark driver for pdfTeX and luaTeX (HO)
\BKM@id=\count307
)) (/usr/share/texlive/texmf-dist/tex/latex/tools/tabularx.sty
Package: tabularx 2023/07/08 v2.11c `tabularx' package (DPC)
\TX@col@width=\dimen277
\TX@old@table=\dimen278
\TX@old@col=\dimen279
\TX@target=\dimen280
\TX@delta=\dimen281
\TX@cols=\count308
\TX@ftn=\toks37
) (/usr/share/texlive/texmf-dist/tex/latex/booktabs/booktabs.sty
Package: booktabs 2020/01/12 v1.61803398 Publication quality tables
\heavyrulewidth=\dimen282
\lightrulewidth=\dimen283
\cmidrulewidth=\dimen284
\belowrulesep=\dimen285
\belowbottomsep=\dimen286
\aboverulesep=\dimen287
\abovetopsep=\dimen288
\cmidrulesep=\dimen289
\cmidrulekern=\dimen290
\defaultaddspace=\dimen291
\@cmidla=\count309
\@cmidlb=\count310
\@aboverulesep=\dimen292
\@belowrulesep=\dimen293
\@thisruleclass=\count311
\@lastruleclass=\count312
\@thisrulewidth=\dimen294
) (/usr/share/texlive/texmf-dist/tex/latex/pdflscape/pdflscape.sty
Package: pdflscape 2022-10-27 v0.13 Display of landscape pages in PDF
 (/usr/share/texlive/texmf-dist/tex/latex/pdflscape/pdflscape-nometadata.sty
Package: pdflscape-nometadata 2022-10-28 v0.13 Display of landscape pages in PDF (HO)
 (/usr/share/texlive/texmf-dist/tex/latex/graphics/lscape.sty
Package: lscape 2020/05/28 v3.02 Landscape Pages (DPC)
)
Package pdflscape Info: Auto-detected driver: pdftex on input line 81.
)) (/usr/share/texlive/texmf-dist/tex/latex/tools/longtable.sty
Package: longtable 2023-11-01 v4.19 Multi-page Table package (DPC)
\LTleft=\skip53
\LTright=\skip54
\LTpre=\skip55
\LTpost=\skip56
\LTchunksize=\count313
\LTcapwidth=\dimen295
\LT@head=\box66
\LT@firsthead=\box67
\LT@foot=\box68
\LT@lastfoot=\box69
\LT@gbox=\box70
\LT@cols=\count314
\LT@rows=\count315
\c@LT@tables=\count316
\c@LT@chunks=\count317
\LT@p@ftn=\toks38
) (/usr/share/texlive/texmf-dist/tex/latex/ltablex/ltablex.sty
Package: ltablex 2014/08/13 v1.1 Modified tabularx
) (/usr/share/texlive/texmf-dist/tex/latex/amsmath/amsmath.sty
Package: amsmath 2023/05/13 v2.17o AMS math features
\@mathmargin=\skip57

For additional information on amsmath, use the `?' option.
(/usr/share/texlive/texmf-dist/tex/latex/amsmath/amstext.sty
Package: amstext 2021/08/26 v2.01 AMS text
 (/usr/share/texlive/texmf-dist/tex/latex/amsmath/amsgen.sty
File: amsgen.sty 1999/11/30 v2.0 generic functions
\@emptytoks=\toks39
\ex@=\dimen296
)) (/usr/share/texlive/texmf-dist/tex/latex/amsmath/amsbsy.sty
Package: amsbsy 1999/11/29 v1.2d Bold Symbols
\pmbraise@=\dimen297
) (/usr/share/texlive/texmf-dist/tex/latex/amsmath/amsopn.sty
Package: amsopn 2022/04/08 v2.04 operator names
)
\inf@bad=\count318
LaTeX Info: Redefining \frac on input line 234.
\uproot@=\count319
\leftroot@=\count320
LaTeX Info: Redefining \overline on input line 399.
LaTeX Info: Redefining \colon on input line 410.
\classnum@=\count321
\DOTSCASE@=\count322
LaTeX Info: Redefining \ldots on input line 496.
LaTeX Info: Redefining \dots on input line 499.
LaTeX Info: Redefining \cdots on input line 620.
\Mathstrutbox@=\box71
\strutbox@=\box72
LaTeX Info: Redefining \big on input line 722.
LaTeX Info: Redefining \Big on input line 723.
LaTeX Info: Redefining \bigg on input line 724.
LaTeX Info: Redefining \Bigg on input line 725.
\big@size=\dimen298
LaTeX Font Info:    Redeclaring font encoding OML on input line 743.
LaTeX Font Info:    Redeclaring font encoding OMS on input line 744.
\macc@depth=\count323
LaTeX Info: Redefining \bmod on input line 905.
LaTeX Info: Redefining \pmod on input line 910.
LaTeX Info: Redefining \smash on input line 940.
LaTeX Info: Redefining \relbar on input line 970.
LaTeX Info: Redefining \Relbar on input line 971.
\c@MaxMatrixCols=\count324
\dotsspace@=\muskip17
\c@parentequation=\count325
\dspbrk@lvl=\count326
\tag@help=\toks40
\row@=\count327
\column@=\count328
\maxfields@=\count329
\andhelp@=\toks41
\eqnshift@=\dimen299
\alignsep@=\dimen300
\tagshift@=\dimen301
\tagwidth@=\dimen302
\totwidth@=\dimen303
\lineht@=\dimen304
\@envbody=\toks42
\multlinegap=\skip58
\multlinetaggap=\skip59
\mathdisplay@stack=\toks43
LaTeX Info: Redefining \[ on input line 2953.
LaTeX Info: Redefining \] on input line 2954.
) (/usr/share/texlive/texmf-dist/tex/latex/listings/listings.sty
\lst@mode=\count330
\lst@gtempboxa=\box73
\lst@token=\toks44
\lst@length=\count331
\lst@currlwidth=\dimen305
\lst@column=\count332
\lst@pos=\count333
\lst@lostspace=\dimen306
\lst@width=\dimen307
\lst@newlines=\count334
\lst@lineno=\count335
\lst@maxwidth=\dimen308
 (/usr/share/texlive/texmf-dist/tex/latex/listings/lstmisc.sty
File: lstmisc.sty 2023/02/27 1.9 (Carsten Heinz)
\c@lstnumber=\count336
\lst@skipnumbers=\count337
\lst@framebox=\box74
) (/usr/share/texlive/texmf-dist/tex/latex/listings/listings.cfg
File: listings.cfg 2023/02/27 1.9 listings configuration
))
Package: listings 2023/02/27 1.9 (Carsten Heinz)
 (/usr/share/texlive/texmf-dist/tex/latex/svg/svg.sty
Package: svg 2020/11/26 v2.02k (include SVG pictures)
 (/usr/share/texlive/texmf-dist/tex/latex/koma-script/scrbase.sty
Package: scrbase 2023/07/07 v3.41 KOMA-Script package (KOMA-Script-independent basics and keyval usage)
 (/usr/share/texlive/texmf-dist/tex/latex/koma-script/scrlfile.sty
Package: scrlfile 2023/07/07 v3.41 KOMA-Script package (file load hooks)
 (/usr/share/texlive/texmf-dist/tex/latex/koma-script/scrlfile-hook.sty
Package: scrlfile-hook 2023/07/07 v3.41 KOMA-Script package (using LaTeX hooks)
 (/usr/share/texlive/texmf-dist/tex/latex/koma-script/scrlogo.sty
Package: scrlogo 2023/07/07 v3.41 KOMA-Script package (logo)
)))
Applying: [2021/05/01] Usage of raw or classic option list on input line 252.
Already applied: [0000/00/00] Usage of raw or classic option list on input line 368.
) (/usr/share/texlive/texmf-dist/tex/latex/trimspaces/trimspaces.sty
Package: trimspaces 2009/09/17 v1.1 Trim spaces around a token list
) (/usr/share/texlive/texmf-dist/tex/latex/tools/shellesc.sty
Package: shellesc 2023/07/08 v1.0d unified shell escape interface for LaTeX
Package shellesc Info: Restricted shell escape enabled on input line 77.
)
\c@svg@param@lastpage=\count338
\svg@box=\box75
\c@svg@param@currpage=\count339
) (/usr/share/texlive/texmf-dist/tex/latex/transparent/transparent.sty
Package: transparent 2022-10-27 v1.5 Transparency with color stacks
 (/usr/share/texlive/texmf-dist/tex/latex/transparent/transparent-nometadata.sty
Package: transparent-nometadata 2022-10-27 v1.5 Transparency via pdfTeX's color stack (HO)
)) (/usr/share/texlive/texmf-dist/tex/latex/l3backend/l3backend-pdftex.def
File: l3backend-pdftex.def 2024-01-04 L3 backend support: PDF output (pdfTeX)
\l__color_backend_stack_int=\count340
\l__pdf_internal_box=\box76
) (./main.aux (./Includes/WP1_2.aux

LaTeX Warning: Label `lst:moniteur_exemple' multiply defined.

))
\openout1 = `main.aux'.

LaTeX Font Info:    Checking defaults for OML/cmm/m/it on input line 55.
LaTeX Font Info:    ... okay on input line 55.
LaTeX Font Info:    Checking defaults for OMS/cmsy/m/n on input line 55.
LaTeX Font Info:    ... okay on input line 55.
LaTeX Font Info:    Checking defaults for OT1/cmr/m/n on input line 55.
LaTeX Font Info:    ... okay on input line 55.
LaTeX Font Info:    Checking defaults for T1/cmr/m/n on input line 55.
LaTeX Font Info:    ... okay on input line 55.
LaTeX Font Info:    Checking defaults for TS1/cmr/m/n on input line 55.
LaTeX Font Info:    ... okay on input line 55.
LaTeX Font Info:    Checking defaults for OMX/cmex/m/n on input line 55.
LaTeX Font Info:    ... okay on input line 55.
LaTeX Font Info:    Checking defaults for U/cmr/m/n on input line 55.
LaTeX Font Info:    ... okay on input line 55.
LaTeX Font Info:    Checking defaults for PD1/pdf/m/n on input line 55.
LaTeX Font Info:    ... okay on input line 55.
LaTeX Font Info:    Checking defaults for PU/pdf/m/n on input line 55.
LaTeX Font Info:    ... okay on input line 55.

*geometry* driver: auto-detecting
*geometry* detected driver: pdftex
*geometry* verbose mode - [ preamble ] result:
* driver: pdftex
* paper: <default>
* layout: <same size as paper>
* layoutoffset:(h,v)=(0.0pt,0.0pt)
* modes: 
* h-part:(L,W,R)=(72.26999pt, 469.75502pt, 72.26999pt)
* v-part:(T,H,B)=(72.26999pt, 650.43001pt, 72.26999pt)
* \paperwidth=614.295pt
* \paperheight=794.96999pt
* \textwidth=469.75502pt
* \textheight=650.43001pt
* \oddsidemargin=0.0pt
* \evensidemargin=0.0pt
* \topmargin=-37.0pt
* \headheight=12.0pt
* \headsep=25.0pt
* \topskip=11.0pt
* \footskip=30.0pt
* \marginparwidth=59.0pt
* \marginparsep=10.0pt
* \columnsep=10.0pt
* \skip\footins=10.0pt plus 4.0pt minus 2.0pt
* \hoffset=0.0pt
* \voffset=0.0pt
* \mag=1000
* \@twocolumnfalse
* \@twosidefalse
* \@mparswitchfalse
* \@reversemarginfalse
* (1in=72.27pt=25.4mm, 1cm=28.453pt)

LaTeX Info: Redefining \degres on input line 55.
LaTeX Info: Redefining \up on input line 55.
(/usr/share/texlive/texmf-dist/tex/context/base/mkii/supp-pdf.mkii
[Loading MPS to PDF converter (version 2006.09.02).]
\scratchcounter=\count341
\scratchdimen=\dimen309
\scratchbox=\box77
\nofMPsegments=\count342
\nofMParguments=\count343
\everyMPshowfont=\toks45
\MPscratchCnt=\count344
\MPscratchDim=\dimen310
\MPnumerator=\count345
\makeMPintoPDFobject=\count346
\everyMPtoPDFconversion=\toks46
) (/usr/share/texlive/texmf-dist/tex/latex/epstopdf-pkg/epstopdf-base.sty
Package: epstopdf-base 2020-01-24 v2.11 Base part for package epstopdf
Package epstopdf-base Info: Redefining graphics rule for `.eps' on input line 485.
 (/usr/share/texlive/texmf-dist/tex/latex/latexconfig/epstopdf-sys.cfg
File: epstopdf-sys.cfg 2010/07/13 v1.3 Configuration of (r)epstopdf for TeX Live
))
Package hyperref Info: Link coloring OFF on input line 55.
\c@lstlisting=\count347
<assets/logo_polytech.png, id=7, 644.4075pt x 200.75pt>
File: assets/logo_polytech.png Graphic file (type png)
<use assets/logo_polytech.png>
Package pdftex.def Info: assets/logo_polytech.png  used on input line 67.
(pdftex.def)             Requested size: 167.24725pt x 52.10187pt.
<assets/logo_st_mars.png, id=9, 401.3394pt x 85.2786pt>
File: assets/logo_st_mars.png Graphic file (type png)
<use assets/logo_st_mars.png>
Package pdftex.def Info: assets/logo_st_mars.png  used on input line 74.
(pdftex.def)             Requested size: 152.38322pt x 32.37886pt.


LaTeX Font Warning: Font shape `T1/cmr/m/n' in size <28> not available
(Font)              size <29.86> substituted on input line 79.


LaTeX Font Warning: Font shape `T1/cmr/bx/n' in size <28> not available
(Font)              size <29.86> substituted on input line 79.

[1

{/var/lib/texmf/fonts/map/pdftex/updmap/pdftex.map}{/usr/share/texmf/fonts/enc/dvips/cm-super/cm-super-t1.enc} <./assets/logo_polytech.png> <./assets/logo_st_mars.png>]
pdfTeX warning (ext4): destination with the same identifier (name{page.1}) has been already used, duplicate ignored
<to be read again> 
                   \relax 
l.122 \clearpage
                 [1

] (./main.toc [2

])
\tf@toc=\write4
\openout4 = `main.toc'.

 [3] (./main.lof)
\tf@lof=\write5
\openout5 = `main.lof'.

 [4

] [5

] [6]
\openout2 = `Includes/WP1_2.aux'.

 (./Includes/WP1_2.tex
Underfull \hbox (badness 10000) in paragraph at lines 8--14

 []


Underfull \hbox (badness 10000) in paragraph at lines 25--27

 []


Underfull \hbox (badness 10000) in paragraph at lines 29--32

 []


Underfull \hbox (badness 10000) in paragraph at lines 33--37

 []


Underfull \hbox (badness 10000) in paragraph at lines 42--45

 []


Underfull \hbox (badness 10000) in paragraph at lines 46--48

 []

[7

]
Underfull \hbox (badness 10000) in paragraph at lines 66--68

 []


Underfull \hbox (badness 10000) in paragraph at lines 76--78

 []


Underfull \hbox (badness 10000) in paragraph at lines 80--85

 []


Underfull \hbox (badness 10000) in paragraph at lines 86--89

 []


Underfull \hbox (badness 10000) in paragraph at lines 90--95

 []


Underfull \hbox (badness 10000) in paragraph at lines 96--99

 []

[8]
Underfull \hbox (badness 10000) in paragraph at lines 108--114

 []

LaTeX Font Info:    Trying to load font information for T1+cmtt on input line 117.
(/usr/share/texlive/texmf-dist/tex/latex/base/t1cmtt.fd
File: t1cmtt.fd 2023/04/13 v2.5m Standard LaTeX font definitions
)
Underfull \hbox (badness 10000) in paragraph at lines 115--120

 []

<Images/WP1_2/Tache_1/ModuleSD.jpg, id=262, 1505.625pt x 1505.625pt>
File: Images/WP1_2/Tache_1/ModuleSD.jpg Graphic file (type jpg)
<use Images/WP1_2/Tache_1/ModuleSD.jpg>
Package pdftex.def Info: Images/WP1_2/Tache_1/ModuleSD.jpg  used on input line 123.
(pdftex.def)             Requested size: 187.89914pt x 187.88103pt.

Underfull \hbox (badness 10000) in paragraph at lines 136--138

 []

[9 <./Images/WP1_2/Tache_1/ModuleSD.jpg>]
<Images/WP1_2/Tache_1/SPI.png, id=271, 927.465pt x 386.94562pt>
File: Images/WP1_2/Tache_1/SPI.png Graphic file (type png)
<use Images/WP1_2/Tache_1/SPI.png>
Package pdftex.def Info: Images/WP1_2/Tache_1/SPI.png  used on input line 145.
(pdftex.def)             Requested size: 375.80544pt x 156.78886pt.

Underfull \hbox (badness 10000) in paragraph at lines 150--156

 []


Underfull \hbox (badness 10000) in paragraph at lines 159--163

 []

(/usr/share/texlive/texmf-dist/tex/latex/listings/lstlang1.sty
File: lstlang1.sty 2023/02/27 1.9 listings language file
) (/usr/share/texlive/texmf-dist/tex/latex/listings/lstmisc.sty
File: lstmisc.sty 2023/02/27 1.9 (Carsten Heinz)
)
Package hyperref Info: bookmark level for unknown lstlisting defaults to 0 on input line 166.
LaTeX Font Info:    Font shape `T1/cmtt/bx/n' in size <10> not available
(Font)              Font shape `T1/cmtt/m/n' tried instead on input line 167.
 [10 <./Images/WP1_2/Tache_1/SPI.png>]
<Images/WP1_2/Tache_1/Result_SD.png, id=296, 633.86812pt x 279.29344pt>
File: Images/WP1_2/Tache_1/Result_SD.png Graphic file (type png)
<use Images/WP1_2/Tache_1/Result_SD.png>
Package pdftex.def Info: Images/WP1_2/Tache_1/Result_SD.png  used on input line 188.
(pdftex.def)             Requested size: 375.80544pt x 165.59142pt.

Underfull \hbox (badness 10000) in paragraph at lines 196--202

 []


Underfull \hbox (badness 10000) in paragraph at lines 203--207

 []


Underfull \hbox (badness 10000) in paragraph at lines 210--216

 []


Underfull \hbox (badness 10000) in paragraph at lines 217--221

 []

<Images/WP1_2/Tache_2/ldr_sche.png, id=297, 462.72874pt x 544.0325pt>
File: Images/WP1_2/Tache_2/ldr_sche.png Graphic file (type png)
<use Images/WP1_2/Tache_2/ldr_sche.png>
Package pdftex.def Info: Images/WP1_2/Tache_2/ldr_sche.png  used on input line 224.
(pdftex.def)             Requested size: 187.89914pt x 220.91304pt.
[11 <./Images/WP1_2/Tache_1/Result_SD.png>]
Underfull \hbox (badness 10000) in paragraph at lines 228--232

 []


Underfull \hbox (badness 10000) in paragraph at lines 238--241

 []

<Images/WP1_2/Tache_2/CourbeLDR.png, id=308, 405.515pt x 291.0875pt>
File: Images/WP1_2/Tache_2/CourbeLDR.png Graphic file (type png)
<use Images/WP1_2/Tache_2/CourbeLDR.png>
Package pdftex.def Info: Images/WP1_2/Tache_2/CourbeLDR.png  used on input line 244.
(pdftex.def)             Requested size: 281.85587pt x 202.3252pt.
[12 <./Images/WP1_2/Tache_2/ldr_sche.png> <./Images/WP1_2/Tache_2/CourbeLDR.png>]
Underfull \hbox (badness 10000) in paragraph at lines 254--258

 []


Underfull \hbox (badness 10000) in paragraph at lines 259--262

 []


Underfull \hbox (badness 10000) in paragraph at lines 298--304

 []

[13]
Underfull \hbox (badness 10000) in paragraph at lines 305--307

 []


Underfull \hbox (badness 10000) in paragraph at lines 336--341

 []


Underfull \hbox (badness 10000) in paragraph at lines 342--346

 []

<Images/WP1_2/Tache_2/couronne_1.jpg, id=358, 1003.75pt x 827.09pt>
File: Images/WP1_2/Tache_2/couronne_1.jpg Graphic file (type jpg)
<use Images/WP1_2/Tache_2/couronne_1.jpg>
Package pdftex.def Info: Images/WP1_2/Tache_2/couronne_1.jpg  used on input line 351.
(pdftex.def)             Requested size: 225.4804pt x 185.79695pt.
<Images/WP1_2/Tache_2/couronne_2.jpg, id=359, 997.7275pt x 618.31pt>
File: Images/WP1_2/Tache_2/couronne_2.jpg Graphic file (type jpg)
<use Images/WP1_2/Tache_2/couronne_2.jpg>
Package pdftex.def Info: Images/WP1_2/Tache_2/couronne_2.jpg  used on input line 357.
(pdftex.def)             Requested size: 225.4804pt x 139.72699pt.

Underfull \hbox (badness 10000) in paragraph at lines 363--367

 []


Underfull \hbox (badness 10000) in paragraph at lines 372--377

 []

[14 <./Images/WP1_2/Tache_2/couronne_1.jpg> <./Images/WP1_2/Tache_2/couronne_2.jpg>]
Underfull \hbox (badness 10000) in paragraph at lines 378--381

 []

<Images/WP1_2/Tache_3/BN220.jpg, id=367, 973.6375pt x 602.25pt>
File: Images/WP1_2/Tache_3/BN220.jpg Graphic file (type jpg)
<use Images/WP1_2/Tache_3/BN220.jpg>
Package pdftex.def Info: Images/WP1_2/Tache_3/BN220.jpg  used on input line 384.
(pdftex.def)             Requested size: 375.80544pt x 232.4505pt.

Underfull \hbox (badness 10000) in paragraph at lines 390--394

 []


Underfull \hbox (badness 10000) in paragraph at lines 395--397

 []

<Images/WP1_2/Tache_3/tramenmea.png, id=368, 602.25pt x 244.66406pt>
File: Images/WP1_2/Tache_3/tramenmea.png Graphic file (type png)
<use Images/WP1_2/Tache_3/tramenmea.png>
Package pdftex.def Info: Images/WP1_2/Tache_3/tramenmea.png  used on input line 400.
(pdftex.def)             Requested size: 375.80544pt x 152.67572pt.
[15 <./Images/WP1_2/Tache_3/BN220.jpg>]
<Images/WP1_2/Tache_3/GPRMC.png, id=375, 513.92pt x 103.38625pt>
File: Images/WP1_2/Tache_3/GPRMC.png Graphic file (type png)
<use Images/WP1_2/Tache_3/GPRMC.png>
Package pdftex.def Info: Images/WP1_2/Tache_3/GPRMC.png  used on input line 408.
(pdftex.def)             Requested size: 375.80544pt x 75.60226pt.

Underfull \hbox (badness 10000) in paragraph at lines 412--414

 []


Underfull \hbox (badness 10000) in paragraph at lines 415--418

 []


Underfull \hbox (badness 10000) in paragraph at lines 419--423

 []


Underfull \hbox (badness 10000) in paragraph at lines 426--430

 []


Underfull \hbox (badness 10000) in paragraph at lines 431--434

 []


Underfull \hbox (badness 10000) in paragraph at lines 435--438

 []

[16 <./Images/WP1_2/Tache_3/tramenmea.png (PNG copy)> <./Images/WP1_2/Tache_3/GPRMC.png>]
<Images/WP1_2/Tache_3/Schema_GPS.png, id=381, 626.34pt x 342.27875pt>
File: Images/WP1_2/Tache_3/Schema_GPS.png Graphic file (type png)
<use Images/WP1_2/Tache_3/Schema_GPS.png>
Package pdftex.def Info: Images/WP1_2/Tache_3/Schema_GPS.png  used on input line 441.
(pdftex.def)             Requested size: 375.80544pt x 205.37404pt.

Underfull \hbox (badness 10000) in paragraph at lines 445--448

 []


Underfull \hbox (badness 10000) in paragraph at lines 465--468

 []

[17 <./Images/WP1_2/Tache_3/Schema_GPS.png>]
Underfull \hbox (badness 10000) in paragraph at lines 541--544

 []

[18]
Underfull \hbox (badness 10000) in paragraph at lines 601--606

 []


Underfull \hbox (badness 10000) in paragraph at lines 611--615

 []


Underfull \hbox (badness 10000) in paragraph at lines 621--623

 []

<Images/WP1_2/Tache_4/Automate_N1.png, id=457, 218.8175pt x 490.83376pt>
File: Images/WP1_2/Tache_4/Automate_N1.png Graphic file (type png)
<use Images/WP1_2/Tache_4/Automate_N1.png>
Package pdftex.def Info: Images/WP1_2/Tache_4/Automate_N1.png  used on input line 626.
(pdftex.def)             Requested size: 93.94957pt x 210.73984pt.
[19]
Underfull \hbox (badness 10000) in paragraph at lines 630--634

 []


Underfull \hbox (badness 10000) in paragraph at lines 635--639

 []

<Images/WP1_2/Tache_4/MesureBAT.png, id=511, 673.51625pt x 373.395pt>
File: Images/WP1_2/Tache_4/MesureBAT.png Graphic file (type png)
<use Images/WP1_2/Tache_4/MesureBAT.png>
Package pdftex.def Info: Images/WP1_2/Tache_4/MesureBAT.png  used on input line 642.
(pdftex.def)             Requested size: 375.80544pt x 208.3477pt.

Underfull \hbox (badness 10000) in paragraph at lines 646--650

 []

[20 <./Images/WP1_2/Tache_4/Automate_N1.png> <./Images/WP1_2/Tache_4/MesureBAT.png>]
Underfull \hbox (badness 10000) in paragraph at lines 655--658

 []

<Images/WP1_2/Tache_4/automate_final.png, id=518, 725.71124pt x 732.7375pt>
File: Images/WP1_2/Tache_4/automate_final.png Graphic file (type png)
<use Images/WP1_2/Tache_4/automate_final.png>
Package pdftex.def Info: Images/WP1_2/Tache_4/automate_final.png  used on input line 663.
(pdftex.def)             Requested size: 375.80544pt x 379.44922pt.

Underfull \hbox (badness 10000) in paragraph at lines 667--670

 []


Underfull \hbox (badness 10000) in paragraph at lines 671--677

 []

[21 <./Images/WP1_2/Tache_4/automate_final.png>]
Underfull \hbox (badness 10000) in paragraph at lines 682--687

 []


Underfull \hbox (badness 10000) in paragraph at lines 690--694

 []


Underfull \hbox (badness 10000) in paragraph at lines 721--725

 []


Underfull \hbox (badness 10000) in paragraph at lines 726--730

 []

[22]
<Images/WP1_2/Tache_5/Code_Vierge.png, id=533, 626.34pt x 217.81375pt>
File: Images/WP1_2/Tache_5/Code_Vierge.png Graphic file (type png)
<use Images/WP1_2/Tache_5/Code_Vierge.png>
Package pdftex.def Info: Images/WP1_2/Tache_5/Code_Vierge.png  used on input line 740.
(pdftex.def)             Requested size: 375.80544pt x 130.69257pt.

Underfull \hbox (badness 10000) in paragraph at lines 744--746

 []

<Images/WP1_2/Tache_5/Frequence.png, id=534, 626.34pt x 217.81375pt>
File: Images/WP1_2/Tache_5/Frequence.png Graphic file (type png)
<use Images/WP1_2/Tache_5/Frequence.png>
Package pdftex.def Info: Images/WP1_2/Tache_5/Frequence.png  used on input line 751.
(pdftex.def)             Requested size: 375.80544pt x 130.69257pt.

Underfull \hbox (badness 10000) in paragraph at lines 755--758

 []

<Images/WP1_2/Tache_5/Deep.png, id=535, 626.34pt x 187.70125pt>
File: Images/WP1_2/Tache_5/Deep.png Graphic file (type png)
<use Images/WP1_2/Tache_5/Deep.png>
Package pdftex.def Info: Images/WP1_2/Tache_5/Deep.png  used on input line 763.
(pdftex.def)             Requested size: 375.80544pt x 112.62448pt.
[23 <./Images/WP1_2/Tache_5/Code_Vierge.png> <./Images/WP1_2/Tache_5/Frequence.png>]
Underfull \hbox (badness 10000) in paragraph at lines 767--769

 []

<Images/WP1_2/Tache_5/Deep_PIR.png, id=543, 626.34pt x 260.975pt>
File: Images/WP1_2/Tache_5/Deep_PIR.png Graphic file (type png)
<use Images/WP1_2/Tache_5/Deep_PIR.png>
Package pdftex.def Info: Images/WP1_2/Tache_5/Deep_PIR.png  used on input line 775.
(pdftex.def)             Requested size: 375.80544pt x 156.59018pt.
[24 <./Images/WP1_2/Tache_5/Deep.png> <./Images/WP1_2/Tache_5/Deep_PIR.png>]
Underfull \hbox (badness 10000) in paragraph at lines 829--833

 []


Underfull \hbox (badness 10000) in paragraph at lines 836--839

 []

[25]
Underfull \hbox (badness 10000) in paragraph at lines 848--850

 []


Underfull \hbox (badness 10000) in paragraph at lines 856--859

 []

<Images/WP1_2/Tache_6/Proto.png, id=597, 376.40625pt x 668.4975pt>
File: Images/WP1_2/Tache_6/Proto.png Graphic file (type png)
<use Images/WP1_2/Tache_6/Proto.png>
Package pdftex.def Info: Images/WP1_2/Tache_6/Proto.png  used on input line 862.
(pdftex.def)             Requested size: 187.89914pt x 333.7175pt.
<Images/WP1_2/Tache_6/Exterieur_telephone.jpeg, id=598, 1130.2225pt x 2007.5pt>
File: Images/WP1_2/Tache_6/Exterieur_telephone.jpeg Graphic file (type jpg)
<use Images/WP1_2/Tache_6/Exterieur_telephone.jpeg>
Package pdftex.def Info: Images/WP1_2/Tache_6/Exterieur_telephone.jpeg  used on input line 870.
(pdftex.def)             Requested size: 211.38832pt x 375.45573pt.
<Images/WP1_2/Tache_6/Exterieur.png, id=599, 1606.0pt x 1204.5pt>
File: Images/WP1_2/Tache_6/Exterieur.png Graphic file (type png)
<use Images/WP1_2/Tache_6/Exterieur.png>
Package pdftex.def Info: Images/WP1_2/Tache_6/Exterieur.png  used on input line 876.
(pdftex.def)             Requested size: 211.38832pt x 158.53868pt.
[26 <./Images/WP1_2/Tache_6/Proto.png>]
<Images/WP1_2/Tache_6/Interieur.png, id=606, 1606.0pt x 1204.5pt>
File: Images/WP1_2/Tache_6/Interieur.png Graphic file (type png)
<use Images/WP1_2/Tache_6/Interieur.png>
Package pdftex.def Info: Images/WP1_2/Tache_6/Interieur.png  used on input line 886.
(pdftex.def)             Requested size: 211.38832pt x 158.53868pt.
<Images/WP1_2/Tache_6/Humain.png, id=607, 1606.0pt x 1204.5pt>
File: Images/WP1_2/Tache_6/Humain.png Graphic file (type png)
<use Images/WP1_2/Tache_6/Humain.png>
Package pdftex.def Info: Images/WP1_2/Tache_6/Humain.png  used on input line 892.
(pdftex.def)             Requested size: 211.38832pt x 158.53868pt.

Underfull \hbox (badness 10000) in paragraph at lines 898--901

 []

[27 <./Images/WP1_2/Tache_6/Exterieur_telephone.jpeg> <./Images/WP1_2/Tache_6/Exterieur.png (PNG copy)> <./Images/WP1_2/Tache_6/Interieur.png (PNG copy)> <./Images/WP1_2/Tache_6/Humain.png (PNG copy)>]
Underfull \hbox (badness 10000) in paragraph at lines 902--908

 []


Underfull \hbox (badness 10000) in paragraph at lines 909--914

 []

<Images/WP1_2/Tache_6/ESP32-Block-Diagram.jpg, id=612, 377.15906pt x 317.68687pt>
File: Images/WP1_2/Tache_6/ESP32-Block-Diagram.jpg Graphic file (type jpg)
<use Images/WP1_2/Tache_6/ESP32-Block-Diagram.jpg>
Package pdftex.def Info: Images/WP1_2/Tache_6/ESP32-Block-Diagram.jpg  used on input line 917.
(pdftex.def)             Requested size: 281.85587pt x 237.41139pt.

Underfull \hbox (badness 10000) in paragraph at lines 921--924

 []


Underfull \hbox (badness 10000) in paragraph at lines 929--933

 []

[28 <./Images/WP1_2/Tache_6/ESP32-Block-Diagram.jpg>]
Underfull \hbox (badness 10000) in paragraph at lines 936--939

 []

<Images/WP1_2/Tache_7/Main.pdf, id=617, 845.0531pt x 597.52838pt>
File: Images/WP1_2/Tache_7/Main.pdf Graphic file (type pdf)
<use Images/WP1_2/Tache_7/Main.pdf>
Package pdftex.def Info: Images/WP1_2/Tache_7/Main.pdf  used on input line 942.
(pdftex.def)             Requested size: 469.75502pt x 332.161pt.

Underfull \hbox (badness 10000) in paragraph at lines 946--951

 []

[29 <./Images/WP1_2/Tache_7/Main.pdf>]
<Images/WP1_2/Tache_7/uc.png, id=629, 614.295pt x 409.53pt>
File: Images/WP1_2/Tache_7/uc.png Graphic file (type png)
<use Images/WP1_2/Tache_7/uc.png>
Package pdftex.def Info: Images/WP1_2/Tache_7/uc.png  used on input line 954.
(pdftex.def)             Requested size: 375.80544pt x 250.5378pt.

Underfull \hbox (badness 10000) in paragraph at lines 958--962

 []


Underfull \hbox (badness 10000) in paragraph at lines 963--966

 []


Underfull \hbox (badness 10000) in paragraph at lines 967--970

 []

<Images/WP1_2/Tache_7/Main-Sensors.pdf, id=630, 845.0531pt x 597.52838pt>
File: Images/WP1_2/Tache_7/Main-Sensors.pdf Graphic file (type pdf)
<use Images/WP1_2/Tache_7/Main-Sensors.pdf>
Package pdftex.def Info: Images/WP1_2/Tache_7/Main-Sensors.pdf  used on input line 973.
(pdftex.def)             Requested size: 469.75502pt x 332.161pt.
[30 <./Images/WP1_2/Tache_7/uc.png>]
<Images/WP1_2/Tache_7/Main-Cam.pdf, id=637, 845.0531pt x 597.52838pt>
File: Images/WP1_2/Tache_7/Main-Cam.pdf Graphic file (type pdf)
<use Images/WP1_2/Tache_7/Main-Cam.pdf>
Package pdftex.def Info: Images/WP1_2/Tache_7/Main-Cam.pdf  used on input line 982.
(pdftex.def)             Requested size: 469.75502pt x 332.161pt.
 [31 <./Images/WP1_2/Tache_7/Main-Sensors.pdf>]
<Images/WP1_2/Tache_7/4G.png, id=649, 509.905pt x 227.85126pt>
File: Images/WP1_2/Tache_7/4G.png Graphic file (type png)
<use Images/WP1_2/Tache_7/4G.png>
Package pdftex.def Info: Images/WP1_2/Tache_7/4G.png  used on input line 992.
(pdftex.def)             Requested size: 225.4804pt x 100.75551pt.
<Images/WP1_2/Tache_7/SD.png, id=650, 342.27875pt x 156.585pt>
File: Images/WP1_2/Tache_7/SD.png Graphic file (type png)
<use Images/WP1_2/Tache_7/SD.png>
Package pdftex.def Info: Images/WP1_2/Tache_7/SD.png  used on input line 998.
(pdftex.def)             Requested size: 225.4804pt x 103.15526pt.

Underfull \hbox (badness 10000) in paragraph at lines 1004--1007

 []


Underfull \hbox (badness 10000) in paragraph at lines 1008--1012

 []

[32 <./Images/WP1_2/Tache_7/Main-Cam.pdf> <./Images/WP1_2/Tache_7/4G.png> <./Images/WP1_2/Tache_7/SD.png>]
Underfull \hbox (badness 10000) in paragraph at lines 1013--1015

 []

<Images/WP1_2/Tache_7/Montage_PowerUp.png, id=664, 696.6025pt x 361.35pt>
File: Images/WP1_2/Tache_7/Montage_PowerUp.png Graphic file (type png)
<use Images/WP1_2/Tache_7/Montage_PowerUp.png>
Package pdftex.def Info: Images/WP1_2/Tache_7/Montage_PowerUp.png  used on input line 1018.
(pdftex.def)             Requested size: 469.75502pt x 243.67467pt.


pdfTeX warning: pdflatex (file ./Images/WP1_2/Tache_7/Power_Up.pdf): PDF inclusion: found PDF version <1.7>, but at most version <1.5> allowed
<Images/WP1_2/Tache_7/Power_Up.pdf, id=665, 845.07724pt x 597.55246pt>
File: Images/WP1_2/Tache_7/Power_Up.pdf Graphic file (type pdf)
<use Images/WP1_2/Tache_7/Power_Up.pdf>
Package pdftex.def Info: Images/WP1_2/Tache_7/Power_Up.pdf  used on input line 1029.
(pdftex.def)             Requested size: 225.4804pt x 159.43567pt.
<Images/WP1_2/Tache_7/delay_power_up.png, id=666, 632.3625pt x 455.45157pt>
File: Images/WP1_2/Tache_7/delay_power_up.png Graphic file (type png)
<use Images/WP1_2/Tache_7/delay_power_up.png>
Package pdftex.def Info: Images/WP1_2/Tache_7/delay_power_up.png  used on input line 1035.
(pdftex.def)             Requested size: 225.4804pt x 162.39877pt.
[33 <./Images/WP1_2/Tache_7/Montage_PowerUp.png>]
Underfull \hbox (badness 10000) in paragraph at lines 1041--1043

 []


Overfull \hbox (33.41579pt too wide) in alignment at lines 1058--1058
 [] [] [] 
 []


Underfull \hbox (badness 10000) in paragraph at lines 1063--1066

 []

<Images/WP1_2/Tache_7/Main-Power.pdf, id=672, 845.0531pt x 597.52838pt>
File: Images/WP1_2/Tache_7/Main-Power.pdf Graphic file (type pdf)
<use Images/WP1_2/Tache_7/Main-Power.pdf>
Package pdftex.def Info: Images/WP1_2/Tache_7/Main-Power.pdf  used on input line 1069.
(pdftex.def)             Requested size: 469.75502pt x 332.161pt.
[34 <./Images/WP1_2/Tache_7/Power_Up.pdf> <./Images/WP1_2/Tache_7/delay_power_up.png>]
Underfull \hbox (badness 10000) in paragraph at lines 1077--1081

 []


Underfull \hbox (badness 10000) in paragraph at lines 1082--1085

 []


Underfull \hbox (badness 10000) in paragraph at lines 1088--1093

 []

[35 <./Images/WP1_2/Tache_7/Main-Power.pdf>]
Underfull \hbox (badness 10000) in paragraph at lines 1094--1097

 []

<Images/WP1_2/Tache_8/FootPrint_ESP.png, id=703, 298.11375pt x 467.7475pt>
File: Images/WP1_2/Tache_8/FootPrint_ESP.png Graphic file (type png)
<use Images/WP1_2/Tache_8/FootPrint_ESP.png>
Package pdftex.def Info: Images/WP1_2/Tache_8/FootPrint_ESP.png  used on input line 1102.
(pdftex.def)             Requested size: 164.41711pt x 257.97563pt.
<Images/WP1_2/Tache_8/FootPrint_CAM.png, id=704, 429.605pt x 586.19pt>
File: Images/WP1_2/Tache_8/FootPrint_CAM.png Graphic file (type png)
<use Images/WP1_2/Tache_8/FootPrint_CAM.png>
Package pdftex.def Info: Images/WP1_2/Tache_8/FootPrint_CAM.png  used on input line 1108.
(pdftex.def)             Requested size: 164.41711pt x 224.34663pt.

Underfull \hbox (badness 10000) in paragraph at lines 1114--1116

 []


Underfull \hbox (badness 10000) in paragraph at lines 1117--1120

 []


Underfull \hbox (badness 10000) in paragraph at lines 1121--1125

 []


Underfull \hbox (badness 10000) in paragraph at lines 1126--1129

 []

[36 <./Images/WP1_2/Tache_8/FootPrint_ESP.png> <./Images/WP1_2/Tache_8/FootPrint_Cam.png>]
<Images/WP1_2/Tache_8/TopPCB.png, id=712, 502.87875pt x 499.8675pt>
File: Images/WP1_2/Tache_8/TopPCB.png Graphic file (type png)
<use Images/WP1_2/Tache_8/TopPCB.png>
Package pdftex.def Info: Images/WP1_2/Tache_8/TopPCB.png  used on input line 1134.
(pdftex.def)             Requested size: 225.4804pt x 224.12979pt.
<Images/WP1_2/Tache_8/BotPCB.png, id=713, 501.875pt x 500.87125pt>
File: Images/WP1_2/Tache_8/BotPCB.png Graphic file (type png)
<use Images/WP1_2/Tache_8/BotPCB.png>
Package pdftex.def Info: Images/WP1_2/Tache_8/BotPCB.png  used on input line 1140.
(pdftex.def)             Requested size: 225.4804pt x 225.03076pt.

Underfull \hbox (badness 10000) in paragraph at lines 1146--1148

 []

<Images/WP1_2/Tache_8/3DPCB_TOP.png, id=714, 528.97626pt x 474.77374pt>
File: Images/WP1_2/Tache_8/3DPCB_TOP.png Graphic file (type png)
<use Images/WP1_2/Tache_8/3DPCB_TOP.png>
Package pdftex.def Info: Images/WP1_2/Tache_8/3DPCB_TOP.png  used on input line 1153.
(pdftex.def)             Requested size: 225.4804pt x 202.37384pt.
<Images/WP1_2/Tache_8/3DPCB_BOT.png, id=715, 510.90875pt x 492.84125pt>
File: Images/WP1_2/Tache_8/3DPCB_BOT.png Graphic file (type png)
<use Images/WP1_2/Tache_8/3DPCB_BOT.png>
Package pdftex.def Info: Images/WP1_2/Tache_8/3DPCB_BOT.png  used on input line 1159.
(pdftex.def)             Requested size: 225.4804pt x 217.50507pt.

Underfull \hbox (badness 10000) in paragraph at lines 1165--1168

 []

[37 <./Images/WP1_2/Tache_8/TopPCB.png> <./Images/WP1_2/Tache_8/BotPCB.png> <./Images/WP1_2/Tache_8/3DPCB_TOP.png> <./Images/WP1_2/Tache_8/3DPCB_BOT.png>]
<Images/WP1_2/Tache_8/PCB_TOP.png, id=724, 434.62375pt x 579.16376pt>
File: Images/WP1_2/Tache_8/PCB_TOP.png Graphic file (type png)
<use Images/WP1_2/Tache_8/PCB_TOP.png>
Package pdftex.def Info: Images/WP1_2/Tache_8/PCB_TOP.png  used on input line 1177.
(pdftex.def)             Requested size: 225.4804pt x 300.46873pt.
<Images/WP1_2/Tache_8/PCB_BACK.png, id=725, 434.62375pt x 579.16376pt>
File: Images/WP1_2/Tache_8/PCB_BACK.png Graphic file (type png)
<use Images/WP1_2/Tache_8/PCB_BACK.png>
Package pdftex.def Info: Images/WP1_2/Tache_8/PCB_BACK.png  used on input line 1183.
(pdftex.def)             Requested size: 225.4804pt x 300.46873pt.
<Images/WP1_2/Tache_8/PCB_BACK_APSOUD.png, id=726, 299.1175pt x 298.11375pt>
File: Images/WP1_2/Tache_8/PCB_BACK_APSOUD.png Graphic file (type png)
<use Images/WP1_2/Tache_8/PCB_BACK_APSOUD.png>
Package pdftex.def Info: Images/WP1_2/Tache_8/PCB_BACK_APSOUD.png  used on input line 1193.
(pdftex.def)             Requested size: 225.4804pt x 224.72652pt.
<Images/WP1_2/Tache_8/PCB_TOP_APSOUD.png, id=727, 385.44pt x 373.395pt>
File: Images/WP1_2/Tache_8/PCB_TOP_APSOUD.png Graphic file (type png)
<use Images/WP1_2/Tache_8/PCB_TOP_APSOUD.png>
Package pdftex.def Info: Images/WP1_2/Tache_8/PCB_TOP_APSOUD.png  used on input line 1199.
(pdftex.def)             Requested size: 225.4804pt x 218.43234pt.
 [38 <./Images/WP1_2/Tache_8/PCB_TOP.png> <./Images/WP1_2/Tache_8/PCB_BACK.png>]
Underfull \hbox (badness 10000) in paragraph at lines 1205--1207

 []


Underfull \hbox (badness 10000) in paragraph at lines 1208--1211

 []


Underfull \hbox (badness 10000) in paragraph at lines 1212--1216

 []


Underfull \hbox (badness 10000) in paragraph at lines 1217--1220

 []

<Images/WP1_2/Tache_8/Proto_Final.png, id=735, 434.62375pt x 579.16376pt>
File: Images/WP1_2/Tache_8/Proto_Final.png Graphic file (type png)
<use Images/WP1_2/Tache_8/Proto_Final.png>
Package pdftex.def Info: Images/WP1_2/Tache_8/Proto_Final.png  used on input line 1225.
(pdftex.def)             Requested size: 225.4804pt x 300.46873pt.
<Images/WP1_2/Tache_8/Result.png, id=736, 1606.0pt x 1204.5pt>
File: Images/WP1_2/Tache_8/Result.png Graphic file (type png)
<use Images/WP1_2/Tache_8/Result.png>
Package pdftex.def Info: Images/WP1_2/Tache_8/Result.png  used on input line 1231.
(pdftex.def)             Requested size: 225.4804pt x 169.1067pt.
[39 <./Images/WP1_2/Tache_8/PCB_BACK_APSOUD.png> <./Images/WP1_2/Tache_8/PCB_TOP_APSOUD.png>]
Underfull \hbox (badness 10000) in paragraph at lines 1239--1244

 []


Underfull \hbox (badness 10000) in paragraph at lines 1245--1247

 []


Underfull \hbox (badness 10000) in paragraph at lines 1248--1251

 []


Underfull \hbox (badness 10000) in paragraph at lines 1252--1256

 []

) [40 <./Images/WP1_2/Tache_8/Proto_Final.png> <./Images/WP1_2/Tache_8/Result.png (PNG copy)>] [41


] [42]
<mesures_camera.png, id=759, 830.60312pt x 549.55313pt>
File: mesures_camera.png Graphic file (type png)
<use mesures_camera.png>
Package pdftex.def Info: mesures_camera.png  used on input line 271.
(pdftex.def)             Requested size: 399.29463pt x 264.18501pt.
 [43 <./mesures_camera.png>] [44] [45] [46

] [47

] (./main.aux (./Includes/WP1_2.aux))
 ***********
LaTeX2e <2023-11-01> patch level 1
L3 programming layer <2024-01-22>
 ***********


LaTeX Font Warning: Size substitutions with differences
(Font)              up to 1.86pt have occurred.


LaTeX Warning: There were multiply-defined labels.

 ) 
Here is how much of TeX's memory you used:
 26829 strings out of 474222
 495259 string characters out of 5748733
 2071975 words of memory out of 5000000
 48249 multiletter control sequences out of 15000+600000
 578856 words of font info for 79 fonts, out of 8000000 for 9000
 1141 hyphenation exceptions out of 8191
 94i,16n,93p,1213b,2157s stack positions out of 10000i,1000n,20000p,200000b,200000s
</usr/share/texlive/texmf-dist/fonts/type1/public/amsfonts/cm/cmmi10.pfb></usr/share/texlive/texmf-dist/fonts/type1/public/amsfonts/cm/cmmi8.pfb></usr/share/texlive/texmf-dist/fonts/type1/public/amsfonts/cm/cmr10.pfb></usr/share/texlive/texmf-dist/fonts/type1/public/amsfonts/cm/cmr8.pfb></usr/share/texlive/texmf-dist/fonts/type1/public/amsfonts/cm/cmsy10.pfb></usr/share/texmf/fonts/type1/public/cm-super/sfbx0900.pfb></usr/share/texmf/fonts/type1/public/cm-super/sfbx1000.pfb></usr/share/texmf/fonts/type1/public/cm-super/sfbx1095.pfb></usr/share/texmf/fonts/type1/public/cm-super/sfbx1200.pfb></usr/share/texmf/fonts/type1/public/cm-super/sfbx1440.pfb></usr/share/texmf/fonts/type1/public/cm-super/sfbx1728.pfb></usr/share/texmf/fonts/type1/public/cm-super/sfbx2986.pfb></usr/share/texmf/fonts/type1/public/cm-super/sfcc1095.pfb></usr/share/texmf/fonts/type1/public/cm-super/sfit1000.pfb></usr/share/texmf/fonts/type1/public/cm-super/sfrm0600.pfb></usr/share/texmf/fonts/type1/public/cm-super/sfrm0800.pfb></usr/share/texmf/fonts/type1/public/cm-super/sfrm0900.pfb></usr/share/texmf/fonts/type1/public/cm-super/sfrm1000.pfb></usr/share/texmf/fonts/type1/public/cm-super/sfrm1095.pfb></usr/share/texmf/fonts/type1/public/cm-super/sfrm1200.pfb></usr/share/texmf/fonts/type1/public/cm-super/sfrm1440.pfb></usr/share/texmf/fonts/type1/public/cm-super/sfti1095.pfb></usr/share/texmf/fonts/type1/public/cm-super/sftt1000.pfb></usr/share/texmf/fonts/type1/public/cm-super/sftt1095.pfb>
Output written on main.pdf (48 pages, 14827272 bytes).
PDF statistics:
 1142 PDF objects out of 1200 (max. 8388607)
 948 compressed objects within 10 object streams
 376 named destinations out of 1000 (max. 500000)
 722 words of extra memory for PDF output out of 10000 (max. 10000000)

